<?xml version="1.0" encoding="UTF-8"?>
<!-- Generated by org.testng.reporters.JUnitXMLReporter -->
<testsuite ignored="0" hostname="Ajits-Air.fios-router.home" failures="0" tests="4" name="Test2" time="0.004" errors="0" timestamp="26 Jan 2019 01:11:20 GMT">
  <testcase classname="com.yourweb.webapp.TestCase1" name="homePageTest" time="0.0"/>
  <testcase classname="com.yourweb.webapp.TestCase1" name="homePageTest" time="0.0"/>
  <testcase classname="com.yourweb.webapp.TestCase1" name="homePageTest" time="0.001"/>
  <testcase classname="com.yourweb.webapp.TestCase1" name="homePageTest1" time="0.001"/>
</testsuite> <!-- Test2 -->
