<?xml version="1.0" encoding="UTF-8"?>
<testng-results ignored="0" total="10" passed="10" failed="0" skipped="0">
  <reporter-output>
  </reporter-output>
  <suite started-at="2019-01-26T01:11:20Z" name="Suite1" finished-at="2019-01-26T01:11:20Z" duration-ms="188">
    <groups>
    </groups>
    <test started-at="2019-01-26T01:11:20Z" name="Test1" finished-at="2019-01-26T01:11:20Z" duration-ms="48">
      <class name="com.yourweb.webapp.TestCase1">
        <test-method is-config="true" signature="Befor()[pri:0, instance:com.yourweb.webapp.TestCase1@5876a9af]" started-at="2019-01-25T20:11:20Z" name="Befor" finished-at="2019-01-25T20:11:20Z" duration-ms="0" status="PASS">
          <reporter-output>
          </reporter-output>
        </test-method> <!-- Befor -->
        <test-method signature="homePageTest(java.lang.String, java.lang.String)[pri:1, instance:com.yourweb.webapp.TestCase1@5876a9af]" started-at="2019-01-25T20:11:20Z" name="homePageTest" data-provider="datainp" finished-at="2019-01-25T20:11:20Z" duration-ms="2" status="PASS">
          <params>
            <param index="0">
              <value>
                <![CDATA[x]]>
              </value>
            </param>
            <param index="1">
              <value>
                <![CDATA[y]]>
              </value>
            </param>
          </params>
          <reporter-output>
          </reporter-output>
        </test-method> <!-- homePageTest -->
        <test-method signature="homePageTest(java.lang.String, java.lang.String)[pri:1, instance:com.yourweb.webapp.TestCase1@5876a9af]" started-at="2019-01-25T20:11:20Z" name="homePageTest" data-provider="datainp" finished-at="2019-01-25T20:11:20Z" duration-ms="1" status="PASS">
          <params>
            <param index="0">
              <value>
                <![CDATA[a]]>
              </value>
            </param>
            <param index="1">
              <value>
                <![CDATA[b]]>
              </value>
            </param>
          </params>
          <reporter-output>
          </reporter-output>
        </test-method> <!-- homePageTest -->
        <test-method signature="homePageTest(java.lang.String, java.lang.String)[pri:1, instance:com.yourweb.webapp.TestCase1@5876a9af]" started-at="2019-01-25T20:11:20Z" name="homePageTest" data-provider="datainp" finished-at="2019-01-25T20:11:20Z" duration-ms="1" status="PASS">
          <params>
            <param index="0">
              <value>
                <![CDATA[c]]>
              </value>
            </param>
            <param index="1">
              <value>
                <![CDATA[d]]>
              </value>
            </param>
          </params>
          <reporter-output>
          </reporter-output>
        </test-method> <!-- homePageTest -->
        <test-method signature="homePageTest1()[pri:2, instance:com.yourweb.webapp.TestCase1@5876a9af]" started-at="2019-01-25T20:11:20Z" name="homePageTest1" finished-at="2019-01-25T20:11:20Z" duration-ms="0" status="PASS">
          <reporter-output>
          </reporter-output>
        </test-method> <!-- homePageTest1 -->
        <test-method is-config="true" signature="After()[pri:0, instance:com.yourweb.webapp.TestCase1@5876a9af]" started-at="2019-01-25T20:11:20Z" name="After" finished-at="2019-01-25T20:11:20Z" duration-ms="0" status="PASS">
          <reporter-output>
          </reporter-output>
        </test-method> <!-- After -->
      </class> <!-- com.yourweb.webapp.TestCase1 -->
      <class name="com.yourweb.webapp.TestCase2">
        <test-method signature="homePageTest()[pri:1, instance:com.yourweb.webapp.TestCase2@59309333]" started-at="2019-01-25T20:11:20Z" name="homePageTest" finished-at="2019-01-25T20:11:20Z" duration-ms="1" status="PASS">
          <reporter-output>
          </reporter-output>
        </test-method> <!-- homePageTest -->
        <test-method signature="homePageTest1()[pri:2, instance:com.yourweb.webapp.TestCase2@59309333]" started-at="2019-01-25T20:11:20Z" name="homePageTest1" finished-at="2019-01-25T20:11:20Z" duration-ms="1" status="PASS">
          <reporter-output>
          </reporter-output>
        </test-method> <!-- homePageTest1 -->
      </class> <!-- com.yourweb.webapp.TestCase2 -->
    </test> <!-- Test1 -->
    <test started-at="2019-01-26T01:11:20Z" name="Test2" finished-at="2019-01-26T01:11:20Z" duration-ms="4">
      <class name="com.yourweb.webapp.TestCase1">
        <test-method is-config="true" signature="Befor()[pri:0, instance:com.yourweb.webapp.TestCase1@49ec71f8]" started-at="2019-01-25T20:11:20Z" name="Befor" finished-at="2019-01-25T20:11:20Z" duration-ms="0" status="PASS">
          <reporter-output>
          </reporter-output>
        </test-method> <!-- Befor -->
        <test-method signature="homePageTest(java.lang.String, java.lang.String)[pri:1, instance:com.yourweb.webapp.TestCase1@49ec71f8]" started-at="2019-01-25T20:11:20Z" name="homePageTest" data-provider="datainp" finished-at="2019-01-25T20:11:20Z" duration-ms="0" status="PASS">
          <params>
            <param index="0">
              <value>
                <![CDATA[a]]>
              </value>
            </param>
            <param index="1">
              <value>
                <![CDATA[b]]>
              </value>
            </param>
          </params>
          <reporter-output>
          </reporter-output>
        </test-method> <!-- homePageTest -->
        <test-method signature="homePageTest(java.lang.String, java.lang.String)[pri:1, instance:com.yourweb.webapp.TestCase1@49ec71f8]" started-at="2019-01-25T20:11:20Z" name="homePageTest" data-provider="datainp" finished-at="2019-01-25T20:11:20Z" duration-ms="0" status="PASS">
          <params>
            <param index="0">
              <value>
                <![CDATA[x]]>
              </value>
            </param>
            <param index="1">
              <value>
                <![CDATA[y]]>
              </value>
            </param>
          </params>
          <reporter-output>
          </reporter-output>
        </test-method> <!-- homePageTest -->
        <test-method signature="homePageTest(java.lang.String, java.lang.String)[pri:1, instance:com.yourweb.webapp.TestCase1@49ec71f8]" started-at="2019-01-25T20:11:20Z" name="homePageTest" data-provider="datainp" finished-at="2019-01-25T20:11:20Z" duration-ms="1" status="PASS">
          <params>
            <param index="0">
              <value>
                <![CDATA[c]]>
              </value>
            </param>
            <param index="1">
              <value>
                <![CDATA[d]]>
              </value>
            </param>
          </params>
          <reporter-output>
          </reporter-output>
        </test-method> <!-- homePageTest -->
        <test-method signature="homePageTest1()[pri:2, instance:com.yourweb.webapp.TestCase1@49ec71f8]" started-at="2019-01-25T20:11:20Z" name="homePageTest1" finished-at="2019-01-25T20:11:20Z" duration-ms="1" status="PASS">
          <reporter-output>
          </reporter-output>
        </test-method> <!-- homePageTest1 -->
        <test-method is-config="true" signature="After()[pri:0, instance:com.yourweb.webapp.TestCase1@49ec71f8]" started-at="2019-01-25T20:11:20Z" name="After" finished-at="2019-01-25T20:11:20Z" duration-ms="0" status="PASS">
          <reporter-output>
          </reporter-output>
        </test-method> <!-- After -->
      </class> <!-- com.yourweb.webapp.TestCase1 -->
      <class name="com.yourweb.webapp.TestCase2">
        <test-method is-config="true" signature="Befor()[pri:0, instance:com.yourweb.webapp.TestCase2@59309333]" started-at="2019-01-25T20:11:20Z" name="Befor" finished-at="2019-01-25T20:11:20Z" duration-ms="17" status="PASS">
          <reporter-output>
          </reporter-output>
        </test-method> <!-- Befor -->
        <test-method is-config="true" signature="After()[pri:0, instance:com.yourweb.webapp.TestCase2@59309333]" started-at="2019-01-25T20:11:20Z" name="After" finished-at="2019-01-25T20:11:20Z" duration-ms="0" status="PASS">
          <reporter-output>
          </reporter-output>
        </test-method> <!-- After -->
      </class> <!-- com.yourweb.webapp.TestCase2 -->
    </test> <!-- Test2 -->
  </suite> <!-- Suite1 -->
</testng-results>
