<?xml version="1.0" encoding="UTF-8"?>
<testsuite xmlns:xsi="http://www.w3.org/2001/XMLSchema-instance" xsi:noNamespaceSchemaLocation="https://maven.apache.org/surefire/maven-surefire-plugin/xsd/surefire-test-report-3.0.xsd" version="3.0" name="TestSuite" time="0.908" tests="10" errors="0" skipped="0" failures="0">
  <properties>
[...]
</properties>
  <testcase name="homePageTest" classname="com.yourweb.webapp.TestCase1" time="0.001"/>
  <testcase name="homePageTest" classname="com.yourweb.webapp.TestCase1" time="0"/>
  <testcase name="homePageTest" classname="com.yourweb.webapp.TestCase1" time="0"/>
  <testcase name="homePageTest" classname="com.yourweb.webapp.TestCase1" time="0"/>
  <testcase name="homePageTest" classname="com.yourweb.webapp.TestCase1" time="0.001"/>
  <testcase name="homePageTest" classname="com.yourweb.webapp.TestCase1" time="0.001"/>
  <testcase name="homePageTest" classname="com.yourweb.webapp.TestCase2" time="0"/>
  <testcase name="homePageTest1" classname="com.yourweb.webapp.TestCase1" time="0.002"/>
  <testcase name="homePageTest1" classname="com.yourweb.webapp.TestCase1" time="0"/>
  <testcase name="homePageTest1" classname="com.yourweb.webapp.TestCase2" time="0.001"/>
</testsuite>